<?xml version="1.0" encoding="UTF-8"?>
<!-- Generated by org.testng.reporters.JUnitXMLReporter -->
<testsuite ignored="1" hostname="INLEN8520087180" failures="0" tests="1" name="Default test" time="61.441" errors="0" timestamp="10 Jan 2023 08:33:16 GMT">
  <testcase classname="com.app.tests.MyntraTest" name="cart" time="57.699"/>
  <testcase classname="com.app.tests.MyntraTest" name="Launchandverify" time="0.0">
    <ignored/>
  </testcase> <!-- Launchandverify -->
</testsuite> <!-- Default test -->
