<?xml version="1.0" encoding="UTF-8"?>
<testng-results ignored="1" total="2" passed="1" failed="0" skipped="0">
  <reporter-output>
  </reporter-output>
  <suite started-at="2023-01-10T08:32:15Z" name="Default suite" finished-at="2023-01-10T08:33:16Z" duration-ms="61441">
    <groups>
    </groups>
    <test started-at="2023-01-10T08:32:15Z" name="Default test" finished-at="2023-01-10T08:33:16Z" duration-ms="61441">
      <class name="com.app.tests.MyntraTest">
        <test-method is-config="true" signature="Setup()[pri:0, instance:com.app.tests.MyntraTest@49c66ade]" started-at="2023-01-10T14:02:15Z" name="Setup" finished-at="2023-01-10T14:02:19Z" duration-ms="3729" status="PASS">
          <reporter-output>
          </reporter-output>
        </test-method> <!-- Setup -->
        <test-method signature="cart()[pri:0, instance:com.app.tests.MyntraTest@49c66ade]" started-at="2023-01-10T14:02:19Z" name="cart" finished-at="2023-01-10T14:03:16Z" duration-ms="57699" status="PASS">
          <reporter-output>
          </reporter-output>
        </test-method> <!-- cart -->
      </class> <!-- com.app.tests.MyntraTest -->
    </test> <!-- Default test -->
  </suite> <!-- Default suite -->
</testng-results>
